Determining if the pthread_create exist failed with the following output:
Change Dir: /home/elikos/tracking_ws/build/catkin_tools_prebuild/CMakeFiles/CMakeTmp

Run Build Command:"/usr/bin/make" "cmTryCompileExec2405665224/fast"
/usr/bin/make -f CMakeFiles/cmTryCompileExec2405665224.dir/build.make CMakeFiles/cmTryCompileExec2405665224.dir/build
make[1]: Entering directory `/home/elikos/tracking_ws/build/catkin_tools_prebuild/CMakeFiles/CMakeTmp'
/usr/bin/cmake -E cmake_progress_report /home/elikos/tracking_ws/build/catkin_tools_prebuild/CMakeFiles/CMakeTmp/CMakeFiles 1
Building C object CMakeFiles/cmTryCompileExec2405665224.dir/CheckSymbolExists.c.o
/usr/bin/cc    -o CMakeFiles/cmTryCompileExec2405665224.dir/CheckSymbolExists.c.o   -c /home/elikos/tracking_ws/build/catkin_tools_prebuild/CMakeFiles/CMakeTmp/CheckSymbolExists.c
Linking C executable cmTryCompileExec2405665224
/usr/bin/cmake -E cmake_link_script CMakeFiles/cmTryCompileExec2405665224.dir/link.txt --verbose=1
/usr/bin/cc       CMakeFiles/cmTryCompileExec2405665224.dir/CheckSymbolExists.c.o  -o cmTryCompileExec2405665224 -rdynamic 
CMakeFiles/cmTryCompileExec2405665224.dir/CheckSymbolExists.c.o: In function `main':
CheckSymbolExists.c:(.text+0x16): undefined reference to `pthread_create'
collect2: error: ld returned 1 exit status
make[1]: *** [cmTryCompileExec2405665224] Error 1
make[1]: Leaving directory `/home/elikos/tracking_ws/build/catkin_tools_prebuild/CMakeFiles/CMakeTmp'
make: *** [cmTryCompileExec2405665224/fast] Error 2

File /home/elikos/tracking_ws/build/catkin_tools_prebuild/CMakeFiles/CMakeTmp/CheckSymbolExists.c:
/* */
#include <pthread.h>

int main(int argc, char** argv)
{
  (void)argv;
#ifndef pthread_create
  return ((int*)(&pthread_create))[argc];
#else
  (void)argc;
  return 0;
#endif
}

Determining if the function pthread_create exists in the pthreads failed with the following output:
Change Dir: /home/elikos/tracking_ws/build/catkin_tools_prebuild/CMakeFiles/CMakeTmp

Run Build Command:"/usr/bin/make" "cmTryCompileExec2315282354/fast"
/usr/bin/make -f CMakeFiles/cmTryCompileExec2315282354.dir/build.make CMakeFiles/cmTryCompileExec2315282354.dir/build
make[1]: Entering directory `/home/elikos/tracking_ws/build/catkin_tools_prebuild/CMakeFiles/CMakeTmp'
/usr/bin/cmake -E cmake_progress_report /home/elikos/tracking_ws/build/catkin_tools_prebuild/CMakeFiles/CMakeTmp/CMakeFiles 1
Building C object CMakeFiles/cmTryCompileExec2315282354.dir/CheckFunctionExists.c.o
/usr/bin/cc   -DCHECK_FUNCTION_EXISTS=pthread_create   -o CMakeFiles/cmTryCompileExec2315282354.dir/CheckFunctionExists.c.o   -c /usr/share/cmake-3.2/Modules/CheckFunctionExists.c
Linking C executable cmTryCompileExec2315282354
/usr/bin/cmake -E cmake_link_script CMakeFiles/cmTryCompileExec2315282354.dir/link.txt --verbose=1
/usr/bin/cc   -DCHECK_FUNCTION_EXISTS=pthread_create    CMakeFiles/cmTryCompileExec2315282354.dir/CheckFunctionExists.c.o  -o cmTryCompileExec2315282354 -rdynamic -lpthreads 
/usr/bin/ld: cannot find -lpthreads
collect2: error: ld returned 1 exit status
make[1]: *** [cmTryCompileExec2315282354] Error 1
make[1]: Leaving directory `/home/elikos/tracking_ws/build/catkin_tools_prebuild/CMakeFiles/CMakeTmp'
make: *** [cmTryCompileExec2315282354/fast] Error 2


