Determining if the pthread_create exist failed with the following output:
Change Dir: /home/olstob/track_ws/build/CMakeFiles/CMakeTmp

Run Build Command:"/usr/bin/make" "cmTryCompileExec286826243/fast"
/usr/bin/make -f CMakeFiles/cmTryCompileExec286826243.dir/build.make CMakeFiles/cmTryCompileExec286826243.dir/build
make[1]: Entering directory `/home/olstob/track_ws/build/CMakeFiles/CMakeTmp'
/usr/bin/cmake -E cmake_progress_report /home/olstob/track_ws/build/CMakeFiles/CMakeTmp/CMakeFiles 1
Building C object CMakeFiles/cmTryCompileExec286826243.dir/CheckSymbolExists.c.o
/usr/bin/cc    -o CMakeFiles/cmTryCompileExec286826243.dir/CheckSymbolExists.c.o   -c /home/olstob/track_ws/build/CMakeFiles/CMakeTmp/CheckSymbolExists.c
Linking C executable cmTryCompileExec286826243
/usr/bin/cmake -E cmake_link_script CMakeFiles/cmTryCompileExec286826243.dir/link.txt --verbose=1
/usr/bin/cc       CMakeFiles/cmTryCompileExec286826243.dir/CheckSymbolExists.c.o  -o cmTryCompileExec286826243 -rdynamic 
CMakeFiles/cmTryCompileExec286826243.dir/CheckSymbolExists.c.o: In function `main':
CheckSymbolExists.c:(.text+0x16): undefined reference to `pthread_create'
collect2: error: ld returned 1 exit status
make[1]: *** [cmTryCompileExec286826243] Error 1
make[1]: Leaving directory `/home/olstob/track_ws/build/CMakeFiles/CMakeTmp'
make: *** [cmTryCompileExec286826243/fast] Error 2

File /home/olstob/track_ws/build/CMakeFiles/CMakeTmp/CheckSymbolExists.c:
/* */
#include <pthread.h>

int main(int argc, char** argv)
{
  (void)argv;
#ifndef pthread_create
  return ((int*)(&pthread_create))[argc];
#else
  (void)argc;
  return 0;
#endif
}

Determining if the function pthread_create exists in the pthreads failed with the following output:
Change Dir: /home/olstob/track_ws/build/CMakeFiles/CMakeTmp

Run Build Command:"/usr/bin/make" "cmTryCompileExec3514311334/fast"
/usr/bin/make -f CMakeFiles/cmTryCompileExec3514311334.dir/build.make CMakeFiles/cmTryCompileExec3514311334.dir/build
make[1]: Entering directory `/home/olstob/track_ws/build/CMakeFiles/CMakeTmp'
/usr/bin/cmake -E cmake_progress_report /home/olstob/track_ws/build/CMakeFiles/CMakeTmp/CMakeFiles 1
Building C object CMakeFiles/cmTryCompileExec3514311334.dir/CheckFunctionExists.c.o
/usr/bin/cc   -DCHECK_FUNCTION_EXISTS=pthread_create   -o CMakeFiles/cmTryCompileExec3514311334.dir/CheckFunctionExists.c.o   -c /usr/share/cmake-3.2/Modules/CheckFunctionExists.c
Linking C executable cmTryCompileExec3514311334
/usr/bin/cmake -E cmake_link_script CMakeFiles/cmTryCompileExec3514311334.dir/link.txt --verbose=1
/usr/bin/cc   -DCHECK_FUNCTION_EXISTS=pthread_create    CMakeFiles/cmTryCompileExec3514311334.dir/CheckFunctionExists.c.o  -o cmTryCompileExec3514311334 -rdynamic -lpthreads 
/usr/bin/ld: cannot find -lpthreads
collect2: error: ld returned 1 exit status
make[1]: *** [cmTryCompileExec3514311334] Error 1
make[1]: Leaving directory `/home/olstob/track_ws/build/CMakeFiles/CMakeTmp'
make: *** [cmTryCompileExec3514311334/fast] Error 2


