Determining if the pthread_create exist failed with the following output:
Change Dir: /home/elikos/tracking_ws/build/tracking/CMakeFiles/CMakeTmp

Run Build Command:"/usr/bin/make" "cmTryCompileExec1141023775/fast"
/usr/bin/make -f CMakeFiles/cmTryCompileExec1141023775.dir/build.make CMakeFiles/cmTryCompileExec1141023775.dir/build
make[1]: Entering directory `/home/elikos/tracking_ws/build/tracking/CMakeFiles/CMakeTmp'
/usr/bin/cmake -E cmake_progress_report /home/elikos/tracking_ws/build/tracking/CMakeFiles/CMakeTmp/CMakeFiles 1
Building C object CMakeFiles/cmTryCompileExec1141023775.dir/CheckSymbolExists.c.o
/usr/bin/cc    -o CMakeFiles/cmTryCompileExec1141023775.dir/CheckSymbolExists.c.o   -c /home/elikos/tracking_ws/build/tracking/CMakeFiles/CMakeTmp/CheckSymbolExists.c
Linking C executable cmTryCompileExec1141023775
/usr/bin/cmake -E cmake_link_script CMakeFiles/cmTryCompileExec1141023775.dir/link.txt --verbose=1
/usr/bin/cc       CMakeFiles/cmTryCompileExec1141023775.dir/CheckSymbolExists.c.o  -o cmTryCompileExec1141023775 -rdynamic 
CMakeFiles/cmTryCompileExec1141023775.dir/CheckSymbolExists.c.o: In function `main':
CheckSymbolExists.c:(.text+0x16): undefined reference to `pthread_create'
collect2: error: ld returned 1 exit status
make[1]: *** [cmTryCompileExec1141023775] Error 1
make[1]: Leaving directory `/home/elikos/tracking_ws/build/tracking/CMakeFiles/CMakeTmp'
make: *** [cmTryCompileExec1141023775/fast] Error 2

File /home/elikos/tracking_ws/build/tracking/CMakeFiles/CMakeTmp/CheckSymbolExists.c:
/* */
#include <pthread.h>

int main(int argc, char** argv)
{
  (void)argv;
#ifndef pthread_create
  return ((int*)(&pthread_create))[argc];
#else
  (void)argc;
  return 0;
#endif
}

Determining if the function pthread_create exists in the pthreads failed with the following output:
Change Dir: /home/elikos/tracking_ws/build/tracking/CMakeFiles/CMakeTmp

Run Build Command:"/usr/bin/make" "cmTryCompileExec3035586211/fast"
/usr/bin/make -f CMakeFiles/cmTryCompileExec3035586211.dir/build.make CMakeFiles/cmTryCompileExec3035586211.dir/build
make[1]: Entering directory `/home/elikos/tracking_ws/build/tracking/CMakeFiles/CMakeTmp'
/usr/bin/cmake -E cmake_progress_report /home/elikos/tracking_ws/build/tracking/CMakeFiles/CMakeTmp/CMakeFiles 1
Building C object CMakeFiles/cmTryCompileExec3035586211.dir/CheckFunctionExists.c.o
/usr/bin/cc   -DCHECK_FUNCTION_EXISTS=pthread_create   -o CMakeFiles/cmTryCompileExec3035586211.dir/CheckFunctionExists.c.o   -c /usr/share/cmake-3.2/Modules/CheckFunctionExists.c
Linking C executable cmTryCompileExec3035586211
/usr/bin/cmake -E cmake_link_script CMakeFiles/cmTryCompileExec3035586211.dir/link.txt --verbose=1
/usr/bin/cc   -DCHECK_FUNCTION_EXISTS=pthread_create    CMakeFiles/cmTryCompileExec3035586211.dir/CheckFunctionExists.c.o  -o cmTryCompileExec3035586211 -rdynamic -lpthreads 
/usr/bin/ld: cannot find -lpthreads
collect2: error: ld returned 1 exit status
make[1]: *** [cmTryCompileExec3035586211] Error 1
make[1]: Leaving directory `/home/elikos/tracking_ws/build/tracking/CMakeFiles/CMakeTmp'
make: *** [cmTryCompileExec3035586211/fast] Error 2


